<?xml version="1.0" encoding="UTF-8"?>
<testsuite xmlns:xsi="http://www.w3.org/2001/XMLSchema-instance" xsi:noNamespaceSchemaLocation="https://maven.apache.org/surefire/maven-surefire-plugin/xsd/surefire-test-report.xsd" name="com.thapar.CropSaviour.CropSaviourApplicationTests" time="8.518" tests="1" errors="0" skipped="0" failures="0">
  <properties>
    <property name="java.specification.version" value="18"/>
    <property name="sun.jnu.encoding" value="UTF-8"/>
    <property name="java.class.path" value="/home/manav/Documents/Work/TelegramBot_SpringBoot/bot-service/target/test-classes:/home/manav/Documents/Work/TelegramBot_SpringBoot/bot-service/target/classes:/home/manav/.m2/repository/org/springframework/boot/spring-boot-starter-data-jpa/2.7.1/spring-boot-starter-data-jpa-2.7.1.jar:/home/manav/.m2/repository/org/springframework/boot/spring-boot-starter-aop/2.7.1/spring-boot-starter-aop-2.7.1.jar:/home/manav/.m2/repository/org/springframework/spring-aop/5.3.21/spring-aop-5.3.21.jar:/home/manav/.m2/repository/org/aspectj/aspectjweaver/1.9.7/aspectjweaver-1.9.7.jar:/home/manav/.m2/repository/org/springframework/boot/spring-boot-starter-jdbc/2.7.1/spring-boot-starter-jdbc-2.7.1.jar:/home/manav/.m2/repository/com/zaxxer/HikariCP/4.0.3/HikariCP-4.0.3.jar:/home/manav/.m2/repository/org/springframework/spring-jdbc/5.3.21/spring-jdbc-5.3.21.jar:/home/manav/.m2/repository/jakarta/transaction/jakarta.transaction-api/1.3.3/jakarta.transaction-api-1.3.3.jar:/home/manav/.m2/repository/jakarta/persistence/jakarta.persistence-api/2.2.3/jakarta.persistence-api-2.2.3.jar:/home/manav/.m2/repository/org/hibernate/hibernate-core/5.6.9.Final/hibernate-core-5.6.9.Final.jar:/home/manav/.m2/repository/org/jboss/logging/jboss-logging/3.4.3.Final/jboss-logging-3.4.3.Final.jar:/home/manav/.m2/repository/net/bytebuddy/byte-buddy/1.12.11/byte-buddy-1.12.11.jar:/home/manav/.m2/repository/antlr/antlr/2.7.7/antlr-2.7.7.jar:/home/manav/.m2/repository/org/jboss/jandex/2.4.2.Final/jandex-2.4.2.Final.jar:/home/manav/.m2/repository/com/fasterxml/classmate/1.5.1/classmate-1.5.1.jar:/home/manav/.m2/repository/org/hibernate/common/hibernate-commons-annotations/5.1.2.Final/hibernate-commons-annotations-5.1.2.Final.jar:/home/manav/.m2/repository/org/glassfish/jaxb/jaxb-runtime/2.3.6/jaxb-runtime-2.3.6.jar:/home/manav/.m2/repository/org/glassfish/jaxb/txw2/2.3.6/txw2-2.3.6.jar:/home/manav/.m2/repository/com/sun/istack/istack-commons-runtime/3.0.12/istack-commons-runtime-3.0.12.jar:/home/manav/.m2/repository/com/sun/activation/jakarta.activation/1.2.2/jakarta.activation-1.2.2.jar:/home/manav/.m2/repository/org/springframework/data/spring-data-jpa/2.7.1/spring-data-jpa-2.7.1.jar:/home/manav/.m2/repository/org/springframework/data/spring-data-commons/2.7.1/spring-data-commons-2.7.1.jar:/home/manav/.m2/repository/org/springframework/spring-orm/5.3.21/spring-orm-5.3.21.jar:/home/manav/.m2/repository/org/springframework/spring-context/5.3.21/spring-context-5.3.21.jar:/home/manav/.m2/repository/org/springframework/spring-tx/5.3.21/spring-tx-5.3.21.jar:/home/manav/.m2/repository/org/springframework/spring-beans/5.3.21/spring-beans-5.3.21.jar:/home/manav/.m2/repository/org/springframework/spring-aspects/5.3.21/spring-aspects-5.3.21.jar:/home/manav/.m2/repository/org/springframework/boot/spring-boot-starter-webflux/2.7.1/spring-boot-starter-webflux-2.7.1.jar:/home/manav/.m2/repository/org/springframework/boot/spring-boot-starter/2.7.1/spring-boot-starter-2.7.1.jar:/home/manav/.m2/repository/org/springframework/boot/spring-boot-starter-logging/2.7.1/spring-boot-starter-logging-2.7.1.jar:/home/manav/.m2/repository/ch/qos/logback/logback-classic/1.2.11/logback-classic-1.2.11.jar:/home/manav/.m2/repository/ch/qos/logback/logback-core/1.2.11/logback-core-1.2.11.jar:/home/manav/.m2/repository/org/apache/logging/log4j/log4j-to-slf4j/2.17.2/log4j-to-slf4j-2.17.2.jar:/home/manav/.m2/repository/org/apache/logging/log4j/log4j-api/2.17.2/log4j-api-2.17.2.jar:/home/manav/.m2/repository/org/slf4j/jul-to-slf4j/1.7.36/jul-to-slf4j-1.7.36.jar:/home/manav/.m2/repository/jakarta/annotation/jakarta.annotation-api/1.3.5/jakarta.annotation-api-1.3.5.jar:/home/manav/.m2/repository/org/yaml/snakeyaml/1.30/snakeyaml-1.30.jar:/home/manav/.m2/repository/org/springframework/boot/spring-boot-starter-json/2.7.1/spring-boot-starter-json-2.7.1.jar:/home/manav/.m2/repository/com/fasterxml/jackson/datatype/jackson-datatype-jdk8/2.13.3/jackson-datatype-jdk8-2.13.3.jar:/home/manav/.m2/repository/com/fasterxml/jackson/datatype/jackson-datatype-jsr310/2.13.3/jackson-datatype-jsr310-2.13.3.jar:/home/manav/.m2/repository/com/fasterxml/jackson/module/jackson-module-parameter-names/2.13.3/jackson-module-parameter-names-2.13.3.jar:/home/manav/.m2/repository/org/springframework/boot/spring-boot-starter-reactor-netty/2.7.1/spring-boot-starter-reactor-netty-2.7.1.jar:/home/manav/.m2/repository/io/projectreactor/netty/reactor-netty-http/1.0.20/reactor-netty-http-1.0.20.jar:/home/manav/.m2/repository/io/netty/netty-codec-http/4.1.78.Final/netty-codec-http-4.1.78.Final.jar:/home/manav/.m2/repository/io/netty/netty-common/4.1.78.Final/netty-common-4.1.78.Final.jar:/home/manav/.m2/repository/io/netty/netty-buffer/4.1.78.Final/netty-buffer-4.1.78.Final.jar:/home/manav/.m2/repository/io/netty/netty-transport/4.1.78.Final/netty-transport-4.1.78.Final.jar:/home/manav/.m2/repository/io/netty/netty-codec/4.1.78.Final/netty-codec-4.1.78.Final.jar:/home/manav/.m2/repository/io/netty/netty-handler/4.1.78.Final/netty-handler-4.1.78.Final.jar:/home/manav/.m2/repository/io/netty/netty-codec-http2/4.1.78.Final/netty-codec-http2-4.1.78.Final.jar:/home/manav/.m2/repository/io/netty/netty-resolver-dns/4.1.78.Final/netty-resolver-dns-4.1.78.Final.jar:/home/manav/.m2/repository/io/netty/netty-resolver/4.1.78.Final/netty-resolver-4.1.78.Final.jar:/home/manav/.m2/repository/io/netty/netty-codec-dns/4.1.78.Final/netty-codec-dns-4.1.78.Final.jar:/home/manav/.m2/repository/io/netty/netty-resolver-dns-native-macos/4.1.78.Final/netty-resolver-dns-native-macos-4.1.78.Final-osx-x86_64.jar:/home/manav/.m2/repository/io/netty/netty-resolver-dns-classes-macos/4.1.78.Final/netty-resolver-dns-classes-macos-4.1.78.Final.jar:/home/manav/.m2/repository/io/netty/netty-transport-native-epoll/4.1.78.Final/netty-transport-native-epoll-4.1.78.Final-linux-x86_64.jar:/home/manav/.m2/repository/io/netty/netty-transport-native-unix-common/4.1.78.Final/netty-transport-native-unix-common-4.1.78.Final.jar:/home/manav/.m2/repository/io/netty/netty-transport-classes-epoll/4.1.78.Final/netty-transport-classes-epoll-4.1.78.Final.jar:/home/manav/.m2/repository/io/projectreactor/netty/reactor-netty-core/1.0.20/reactor-netty-core-1.0.20.jar:/home/manav/.m2/repository/io/netty/netty-handler-proxy/4.1.78.Final/netty-handler-proxy-4.1.78.Final.jar:/home/manav/.m2/repository/io/netty/netty-codec-socks/4.1.78.Final/netty-codec-socks-4.1.78.Final.jar:/home/manav/.m2/repository/org/springframework/spring-web/5.3.21/spring-web-5.3.21.jar:/home/manav/.m2/repository/org/springframework/spring-webflux/5.3.21/spring-webflux-5.3.21.jar:/home/manav/.m2/repository/io/projectreactor/reactor-core/3.4.19/reactor-core-3.4.19.jar:/home/manav/.m2/repository/org/reactivestreams/reactive-streams/1.0.4/reactive-streams-1.0.4.jar:/home/manav/.m2/repository/org/springframework/boot/spring-boot-starter-web/2.7.1/spring-boot-starter-web-2.7.1.jar:/home/manav/.m2/repository/org/springframework/boot/spring-boot-starter-tomcat/2.7.1/spring-boot-starter-tomcat-2.7.1.jar:/home/manav/.m2/repository/org/apache/tomcat/embed/tomcat-embed-core/9.0.64/tomcat-embed-core-9.0.64.jar:/home/manav/.m2/repository/org/apache/tomcat/embed/tomcat-embed-el/9.0.64/tomcat-embed-el-9.0.64.jar:/home/manav/.m2/repository/org/apache/tomcat/embed/tomcat-embed-websocket/9.0.64/tomcat-embed-websocket-9.0.64.jar:/home/manav/.m2/repository/org/springframework/spring-webmvc/5.3.21/spring-webmvc-5.3.21.jar:/home/manav/.m2/repository/org/springframework/spring-expression/5.3.21/spring-expression-5.3.21.jar:/home/manav/.m2/repository/org/springframework/boot/spring-boot-devtools/2.7.1/spring-boot-devtools-2.7.1.jar:/home/manav/.m2/repository/org/springframework/boot/spring-boot/2.7.1/spring-boot-2.7.1.jar:/home/manav/.m2/repository/org/springframework/boot/spring-boot-autoconfigure/2.7.1/spring-boot-autoconfigure-2.7.1.jar:/home/manav/.m2/repository/com/h2database/h2/2.1.214/h2-2.1.214.jar:/home/manav/.m2/repository/org/projectlombok/lombok/1.18.24/lombok-1.18.24.jar:/home/manav/.m2/repository/org/springframework/boot/spring-boot-starter-test/2.7.1/spring-boot-starter-test-2.7.1.jar:/home/manav/.m2/repository/org/springframework/boot/spring-boot-test/2.7.1/spring-boot-test-2.7.1.jar:/home/manav/.m2/repository/org/springframework/boot/spring-boot-test-autoconfigure/2.7.1/spring-boot-test-autoconfigure-2.7.1.jar:/home/manav/.m2/repository/com/jayway/jsonpath/json-path/2.7.0/json-path-2.7.0.jar:/home/manav/.m2/repository/net/minidev/json-smart/2.4.8/json-smart-2.4.8.jar:/home/manav/.m2/repository/net/minidev/accessors-smart/2.4.8/accessors-smart-2.4.8.jar:/home/manav/.m2/repository/org/ow2/asm/asm/9.1/asm-9.1.jar:/home/manav/.m2/repository/jakarta/xml/bind/jakarta.xml.bind-api/2.3.3/jakarta.xml.bind-api-2.3.3.jar:/home/manav/.m2/repository/jakarta/activation/jakarta.activation-api/1.2.2/jakarta.activation-api-1.2.2.jar:/home/manav/.m2/repository/org/assertj/assertj-core/3.22.0/assertj-core-3.22.0.jar:/home/manav/.m2/repository/org/hamcrest/hamcrest/2.2/hamcrest-2.2.jar:/home/manav/.m2/repository/org/junit/jupiter/junit-jupiter/5.8.2/junit-jupiter-5.8.2.jar:/home/manav/.m2/repository/org/junit/jupiter/junit-jupiter-api/5.8.2/junit-jupiter-api-5.8.2.jar:/home/manav/.m2/repository/org/opentest4j/opentest4j/1.2.0/opentest4j-1.2.0.jar:/home/manav/.m2/repository/org/junit/platform/junit-platform-commons/1.8.2/junit-platform-commons-1.8.2.jar:/home/manav/.m2/repository/org/apiguardian/apiguardian-api/1.1.2/apiguardian-api-1.1.2.jar:/home/manav/.m2/repository/org/junit/jupiter/junit-jupiter-params/5.8.2/junit-jupiter-params-5.8.2.jar:/home/manav/.m2/repository/org/junit/jupiter/junit-jupiter-engine/5.8.2/junit-jupiter-engine-5.8.2.jar:/home/manav/.m2/repository/org/junit/platform/junit-platform-engine/1.8.2/junit-platform-engine-1.8.2.jar:/home/manav/.m2/repository/org/mockito/mockito-core/4.5.1/mockito-core-4.5.1.jar:/home/manav/.m2/repository/net/bytebuddy/byte-buddy-agent/1.12.11/byte-buddy-agent-1.12.11.jar:/home/manav/.m2/repository/org/objenesis/objenesis/3.2/objenesis-3.2.jar:/home/manav/.m2/repository/org/mockito/mockito-junit-jupiter/4.5.1/mockito-junit-jupiter-4.5.1.jar:/home/manav/.m2/repository/org/skyscreamer/jsonassert/1.5.0/jsonassert-1.5.0.jar:/home/manav/.m2/repository/com/vaadin/external/google/android-json/0.0.20131108.vaadin1/android-json-0.0.20131108.vaadin1.jar:/home/manav/.m2/repository/org/springframework/spring-core/5.3.21/spring-core-5.3.21.jar:/home/manav/.m2/repository/org/springframework/spring-jcl/5.3.21/spring-jcl-5.3.21.jar:/home/manav/.m2/repository/org/springframework/spring-test/5.3.21/spring-test-5.3.21.jar:/home/manav/.m2/repository/org/xmlunit/xmlunit-core/2.9.0/xmlunit-core-2.9.0.jar:/home/manav/.m2/repository/org/telegram/telegrambots/6.1.0/telegrambots-6.1.0.jar:/home/manav/.m2/repository/org/telegram/telegrambots-meta/6.1.0/telegrambots-meta-6.1.0.jar:/home/manav/.m2/repository/com/google/guava/guava/31.1-jre/guava-31.1-jre.jar:/home/manav/.m2/repository/com/google/guava/failureaccess/1.0.1/failureaccess-1.0.1.jar:/home/manav/.m2/repository/com/google/guava/listenablefuture/9999.0-empty-to-avoid-conflict-with-guava/listenablefuture-9999.0-empty-to-avoid-conflict-with-guava.jar:/home/manav/.m2/repository/com/google/code/findbugs/jsr305/3.0.2/jsr305-3.0.2.jar:/home/manav/.m2/repository/org/checkerframework/checker-qual/3.12.0/checker-qual-3.12.0.jar:/home/manav/.m2/repository/com/google/errorprone/error_prone_annotations/2.11.0/error_prone_annotations-2.11.0.jar:/home/manav/.m2/repository/com/google/j2objc/j2objc-annotations/1.3/j2objc-annotations-1.3.jar:/home/manav/.m2/repository/com/fasterxml/jackson/core/jackson-annotations/2.13.3/jackson-annotations-2.13.3.jar:/home/manav/.m2/repository/com/fasterxml/jackson/jaxrs/jackson-jaxrs-json-provider/2.13.3/jackson-jaxrs-json-provider-2.13.3.jar:/home/manav/.m2/repository/com/fasterxml/jackson/jaxrs/jackson-jaxrs-base/2.13.3/jackson-jaxrs-base-2.13.3.jar:/home/manav/.m2/repository/com/fasterxml/jackson/module/jackson-module-jaxb-annotations/2.13.3/jackson-module-jaxb-annotations-2.13.3.jar:/home/manav/.m2/repository/com/fasterxml/jackson/core/jackson-core/2.13.3/jackson-core-2.13.3.jar:/home/manav/.m2/repository/com/fasterxml/jackson/core/jackson-databind/2.13.3/jackson-databind-2.13.3.jar:/home/manav/.m2/repository/org/glassfish/jersey/inject/jersey-hk2/2.35/jersey-hk2-2.35.jar:/home/manav/.m2/repository/org/glassfish/jersey/core/jersey-common/2.35/jersey-common-2.35.jar:/home/manav/.m2/repository/org/glassfish/hk2/osgi-resource-locator/1.0.3/osgi-resource-locator-1.0.3.jar:/home/manav/.m2/repository/org/glassfish/hk2/hk2-locator/2.6.1/hk2-locator-2.6.1.jar:/home/manav/.m2/repository/org/glassfish/hk2/external/aopalliance-repackaged/2.6.1/aopalliance-repackaged-2.6.1.jar:/home/manav/.m2/repository/org/glassfish/hk2/hk2-api/2.6.1/hk2-api-2.6.1.jar:/home/manav/.m2/repository/org/glassfish/hk2/hk2-utils/2.6.1/hk2-utils-2.6.1.jar:/home/manav/.m2/repository/org/javassist/javassist/3.25.0-GA/javassist-3.25.0-GA.jar:/home/manav/.m2/repository/org/glassfish/jersey/media/jersey-media-json-jackson/2.35/jersey-media-json-jackson-2.35.jar:/home/manav/.m2/repository/org/glassfish/jersey/ext/jersey-entity-filtering/2.35/jersey-entity-filtering-2.35.jar:/home/manav/.m2/repository/org/glassfish/jersey/containers/jersey-container-grizzly2-http/2.35/jersey-container-grizzly2-http-2.35.jar:/home/manav/.m2/repository/org/glassfish/hk2/external/jakarta.inject/2.6.1/jakarta.inject-2.6.1.jar:/home/manav/.m2/repository/org/glassfish/grizzly/grizzly-http-server/2.4.4/grizzly-http-server-2.4.4.jar:/home/manav/.m2/repository/org/glassfish/grizzly/grizzly-http/2.4.4/grizzly-http-2.4.4.jar:/home/manav/.m2/repository/org/glassfish/grizzly/grizzly-framework/2.4.4/grizzly-framework-2.4.4.jar:/home/manav/.m2/repository/jakarta/ws/rs/jakarta.ws.rs-api/2.1.6/jakarta.ws.rs-api-2.1.6.jar:/home/manav/.m2/repository/org/glassfish/jersey/core/jersey-server/2.35/jersey-server-2.35.jar:/home/manav/.m2/repository/org/glassfish/jersey/core/jersey-client/2.35/jersey-client-2.35.jar:/home/manav/.m2/repository/jakarta/validation/jakarta.validation-api/2.0.2/jakarta.validation-api-2.0.2.jar:/home/manav/.m2/repository/org/json/json/20220320/json-20220320.jar:/home/manav/.m2/repository/org/apache/httpcomponents/httpclient/4.5.13/httpclient-4.5.13.jar:/home/manav/.m2/repository/org/apache/httpcomponents/httpcore/4.4.15/httpcore-4.4.15.jar:/home/manav/.m2/repository/commons-codec/commons-codec/1.15/commons-codec-1.15.jar:/home/manav/.m2/repository/org/apache/httpcomponents/httpmime/4.5.13/httpmime-4.5.13.jar:/home/manav/.m2/repository/commons-io/commons-io/2.11.0/commons-io-2.11.0.jar:/home/manav/.m2/repository/org/slf4j/slf4j-api/1.7.36/slf4j-api-1.7.36.jar:/home/manav/.m2/repository/com/github/xabgesagtx/telegram-spring-boot-starter/0.26/telegram-spring-boot-starter-0.26.jar:/home/manav/.m2/repository/org/springframework/boot/spring-boot-configuration-processor/2.7.1/spring-boot-configuration-processor-2.7.1.jar:"/>
    <property name="java.vm.vendor" value="Private Build"/>
    <property name="sun.arch.data.model" value="64"/>
    <property name="java.vendor.url" value="Unknown"/>
    <property name="os.name" value="Linux"/>
    <property name="java.vm.specification.version" value="18"/>
    <property name="sun.java.launcher" value="SUN_STANDARD"/>
    <property name="user.country" value="IN"/>
    <property name="sun.boot.library.path" value="/usr/lib/jvm/java-18-openjdk-amd64/lib"/>
    <property name="sun.java.command" value="/home/manav/Documents/Work/TelegramBot_SpringBoot/bot-service/target/surefire/surefirebooter17144005163454988773.jar /home/manav/Documents/Work/TelegramBot_SpringBoot/bot-service/target/surefire 2022-08-06T14-22-32_885-jvmRun1 surefire4440495107606912431tmp surefire_06163711252244734118tmp"/>
    <property name="jdk.debug" value="release"/>
    <property name="surefire.test.class.path" value="/home/manav/Documents/Work/TelegramBot_SpringBoot/bot-service/target/test-classes:/home/manav/Documents/Work/TelegramBot_SpringBoot/bot-service/target/classes:/home/manav/.m2/repository/org/springframework/boot/spring-boot-starter-data-jpa/2.7.1/spring-boot-starter-data-jpa-2.7.1.jar:/home/manav/.m2/repository/org/springframework/boot/spring-boot-starter-aop/2.7.1/spring-boot-starter-aop-2.7.1.jar:/home/manav/.m2/repository/org/springframework/spring-aop/5.3.21/spring-aop-5.3.21.jar:/home/manav/.m2/repository/org/aspectj/aspectjweaver/1.9.7/aspectjweaver-1.9.7.jar:/home/manav/.m2/repository/org/springframework/boot/spring-boot-starter-jdbc/2.7.1/spring-boot-starter-jdbc-2.7.1.jar:/home/manav/.m2/repository/com/zaxxer/HikariCP/4.0.3/HikariCP-4.0.3.jar:/home/manav/.m2/repository/org/springframework/spring-jdbc/5.3.21/spring-jdbc-5.3.21.jar:/home/manav/.m2/repository/jakarta/transaction/jakarta.transaction-api/1.3.3/jakarta.transaction-api-1.3.3.jar:/home/manav/.m2/repository/jakarta/persistence/jakarta.persistence-api/2.2.3/jakarta.persistence-api-2.2.3.jar:/home/manav/.m2/repository/org/hibernate/hibernate-core/5.6.9.Final/hibernate-core-5.6.9.Final.jar:/home/manav/.m2/repository/org/jboss/logging/jboss-logging/3.4.3.Final/jboss-logging-3.4.3.Final.jar:/home/manav/.m2/repository/net/bytebuddy/byte-buddy/1.12.11/byte-buddy-1.12.11.jar:/home/manav/.m2/repository/antlr/antlr/2.7.7/antlr-2.7.7.jar:/home/manav/.m2/repository/org/jboss/jandex/2.4.2.Final/jandex-2.4.2.Final.jar:/home/manav/.m2/repository/com/fasterxml/classmate/1.5.1/classmate-1.5.1.jar:/home/manav/.m2/repository/org/hibernate/common/hibernate-commons-annotations/5.1.2.Final/hibernate-commons-annotations-5.1.2.Final.jar:/home/manav/.m2/repository/org/glassfish/jaxb/jaxb-runtime/2.3.6/jaxb-runtime-2.3.6.jar:/home/manav/.m2/repository/org/glassfish/jaxb/txw2/2.3.6/txw2-2.3.6.jar:/home/manav/.m2/repository/com/sun/istack/istack-commons-runtime/3.0.12/istack-commons-runtime-3.0.12.jar:/home/manav/.m2/repository/com/sun/activation/jakarta.activation/1.2.2/jakarta.activation-1.2.2.jar:/home/manav/.m2/repository/org/springframework/data/spring-data-jpa/2.7.1/spring-data-jpa-2.7.1.jar:/home/manav/.m2/repository/org/springframework/data/spring-data-commons/2.7.1/spring-data-commons-2.7.1.jar:/home/manav/.m2/repository/org/springframework/spring-orm/5.3.21/spring-orm-5.3.21.jar:/home/manav/.m2/repository/org/springframework/spring-context/5.3.21/spring-context-5.3.21.jar:/home/manav/.m2/repository/org/springframework/spring-tx/5.3.21/spring-tx-5.3.21.jar:/home/manav/.m2/repository/org/springframework/spring-beans/5.3.21/spring-beans-5.3.21.jar:/home/manav/.m2/repository/org/springframework/spring-aspects/5.3.21/spring-aspects-5.3.21.jar:/home/manav/.m2/repository/org/springframework/boot/spring-boot-starter-webflux/2.7.1/spring-boot-starter-webflux-2.7.1.jar:/home/manav/.m2/repository/org/springframework/boot/spring-boot-starter/2.7.1/spring-boot-starter-2.7.1.jar:/home/manav/.m2/repository/org/springframework/boot/spring-boot-starter-logging/2.7.1/spring-boot-starter-logging-2.7.1.jar:/home/manav/.m2/repository/ch/qos/logback/logback-classic/1.2.11/logback-classic-1.2.11.jar:/home/manav/.m2/repository/ch/qos/logback/logback-core/1.2.11/logback-core-1.2.11.jar:/home/manav/.m2/repository/org/apache/logging/log4j/log4j-to-slf4j/2.17.2/log4j-to-slf4j-2.17.2.jar:/home/manav/.m2/repository/org/apache/logging/log4j/log4j-api/2.17.2/log4j-api-2.17.2.jar:/home/manav/.m2/repository/org/slf4j/jul-to-slf4j/1.7.36/jul-to-slf4j-1.7.36.jar:/home/manav/.m2/repository/jakarta/annotation/jakarta.annotation-api/1.3.5/jakarta.annotation-api-1.3.5.jar:/home/manav/.m2/repository/org/yaml/snakeyaml/1.30/snakeyaml-1.30.jar:/home/manav/.m2/repository/org/springframework/boot/spring-boot-starter-json/2.7.1/spring-boot-starter-json-2.7.1.jar:/home/manav/.m2/repository/com/fasterxml/jackson/datatype/jackson-datatype-jdk8/2.13.3/jackson-datatype-jdk8-2.13.3.jar:/home/manav/.m2/repository/com/fasterxml/jackson/datatype/jackson-datatype-jsr310/2.13.3/jackson-datatype-jsr310-2.13.3.jar:/home/manav/.m2/repository/com/fasterxml/jackson/module/jackson-module-parameter-names/2.13.3/jackson-module-parameter-names-2.13.3.jar:/home/manav/.m2/repository/org/springframework/boot/spring-boot-starter-reactor-netty/2.7.1/spring-boot-starter-reactor-netty-2.7.1.jar:/home/manav/.m2/repository/io/projectreactor/netty/reactor-netty-http/1.0.20/reactor-netty-http-1.0.20.jar:/home/manav/.m2/repository/io/netty/netty-codec-http/4.1.78.Final/netty-codec-http-4.1.78.Final.jar:/home/manav/.m2/repository/io/netty/netty-common/4.1.78.Final/netty-common-4.1.78.Final.jar:/home/manav/.m2/repository/io/netty/netty-buffer/4.1.78.Final/netty-buffer-4.1.78.Final.jar:/home/manav/.m2/repository/io/netty/netty-transport/4.1.78.Final/netty-transport-4.1.78.Final.jar:/home/manav/.m2/repository/io/netty/netty-codec/4.1.78.Final/netty-codec-4.1.78.Final.jar:/home/manav/.m2/repository/io/netty/netty-handler/4.1.78.Final/netty-handler-4.1.78.Final.jar:/home/manav/.m2/repository/io/netty/netty-codec-http2/4.1.78.Final/netty-codec-http2-4.1.78.Final.jar:/home/manav/.m2/repository/io/netty/netty-resolver-dns/4.1.78.Final/netty-resolver-dns-4.1.78.Final.jar:/home/manav/.m2/repository/io/netty/netty-resolver/4.1.78.Final/netty-resolver-4.1.78.Final.jar:/home/manav/.m2/repository/io/netty/netty-codec-dns/4.1.78.Final/netty-codec-dns-4.1.78.Final.jar:/home/manav/.m2/repository/io/netty/netty-resolver-dns-native-macos/4.1.78.Final/netty-resolver-dns-native-macos-4.1.78.Final-osx-x86_64.jar:/home/manav/.m2/repository/io/netty/netty-resolver-dns-classes-macos/4.1.78.Final/netty-resolver-dns-classes-macos-4.1.78.Final.jar:/home/manav/.m2/repository/io/netty/netty-transport-native-epoll/4.1.78.Final/netty-transport-native-epoll-4.1.78.Final-linux-x86_64.jar:/home/manav/.m2/repository/io/netty/netty-transport-native-unix-common/4.1.78.Final/netty-transport-native-unix-common-4.1.78.Final.jar:/home/manav/.m2/repository/io/netty/netty-transport-classes-epoll/4.1.78.Final/netty-transport-classes-epoll-4.1.78.Final.jar:/home/manav/.m2/repository/io/projectreactor/netty/reactor-netty-core/1.0.20/reactor-netty-core-1.0.20.jar:/home/manav/.m2/repository/io/netty/netty-handler-proxy/4.1.78.Final/netty-handler-proxy-4.1.78.Final.jar:/home/manav/.m2/repository/io/netty/netty-codec-socks/4.1.78.Final/netty-codec-socks-4.1.78.Final.jar:/home/manav/.m2/repository/org/springframework/spring-web/5.3.21/spring-web-5.3.21.jar:/home/manav/.m2/repository/org/springframework/spring-webflux/5.3.21/spring-webflux-5.3.21.jar:/home/manav/.m2/repository/io/projectreactor/reactor-core/3.4.19/reactor-core-3.4.19.jar:/home/manav/.m2/repository/org/reactivestreams/reactive-streams/1.0.4/reactive-streams-1.0.4.jar:/home/manav/.m2/repository/org/springframework/boot/spring-boot-starter-web/2.7.1/spring-boot-starter-web-2.7.1.jar:/home/manav/.m2/repository/org/springframework/boot/spring-boot-starter-tomcat/2.7.1/spring-boot-starter-tomcat-2.7.1.jar:/home/manav/.m2/repository/org/apache/tomcat/embed/tomcat-embed-core/9.0.64/tomcat-embed-core-9.0.64.jar:/home/manav/.m2/repository/org/apache/tomcat/embed/tomcat-embed-el/9.0.64/tomcat-embed-el-9.0.64.jar:/home/manav/.m2/repository/org/apache/tomcat/embed/tomcat-embed-websocket/9.0.64/tomcat-embed-websocket-9.0.64.jar:/home/manav/.m2/repository/org/springframework/spring-webmvc/5.3.21/spring-webmvc-5.3.21.jar:/home/manav/.m2/repository/org/springframework/spring-expression/5.3.21/spring-expression-5.3.21.jar:/home/manav/.m2/repository/org/springframework/boot/spring-boot-devtools/2.7.1/spring-boot-devtools-2.7.1.jar:/home/manav/.m2/repository/org/springframework/boot/spring-boot/2.7.1/spring-boot-2.7.1.jar:/home/manav/.m2/repository/org/springframework/boot/spring-boot-autoconfigure/2.7.1/spring-boot-autoconfigure-2.7.1.jar:/home/manav/.m2/repository/com/h2database/h2/2.1.214/h2-2.1.214.jar:/home/manav/.m2/repository/org/projectlombok/lombok/1.18.24/lombok-1.18.24.jar:/home/manav/.m2/repository/org/springframework/boot/spring-boot-starter-test/2.7.1/spring-boot-starter-test-2.7.1.jar:/home/manav/.m2/repository/org/springframework/boot/spring-boot-test/2.7.1/spring-boot-test-2.7.1.jar:/home/manav/.m2/repository/org/springframework/boot/spring-boot-test-autoconfigure/2.7.1/spring-boot-test-autoconfigure-2.7.1.jar:/home/manav/.m2/repository/com/jayway/jsonpath/json-path/2.7.0/json-path-2.7.0.jar:/home/manav/.m2/repository/net/minidev/json-smart/2.4.8/json-smart-2.4.8.jar:/home/manav/.m2/repository/net/minidev/accessors-smart/2.4.8/accessors-smart-2.4.8.jar:/home/manav/.m2/repository/org/ow2/asm/asm/9.1/asm-9.1.jar:/home/manav/.m2/repository/jakarta/xml/bind/jakarta.xml.bind-api/2.3.3/jakarta.xml.bind-api-2.3.3.jar:/home/manav/.m2/repository/jakarta/activation/jakarta.activation-api/1.2.2/jakarta.activation-api-1.2.2.jar:/home/manav/.m2/repository/org/assertj/assertj-core/3.22.0/assertj-core-3.22.0.jar:/home/manav/.m2/repository/org/hamcrest/hamcrest/2.2/hamcrest-2.2.jar:/home/manav/.m2/repository/org/junit/jupiter/junit-jupiter/5.8.2/junit-jupiter-5.8.2.jar:/home/manav/.m2/repository/org/junit/jupiter/junit-jupiter-api/5.8.2/junit-jupiter-api-5.8.2.jar:/home/manav/.m2/repository/org/opentest4j/opentest4j/1.2.0/opentest4j-1.2.0.jar:/home/manav/.m2/repository/org/junit/platform/junit-platform-commons/1.8.2/junit-platform-commons-1.8.2.jar:/home/manav/.m2/repository/org/apiguardian/apiguardian-api/1.1.2/apiguardian-api-1.1.2.jar:/home/manav/.m2/repository/org/junit/jupiter/junit-jupiter-params/5.8.2/junit-jupiter-params-5.8.2.jar:/home/manav/.m2/repository/org/junit/jupiter/junit-jupiter-engine/5.8.2/junit-jupiter-engine-5.8.2.jar:/home/manav/.m2/repository/org/junit/platform/junit-platform-engine/1.8.2/junit-platform-engine-1.8.2.jar:/home/manav/.m2/repository/org/mockito/mockito-core/4.5.1/mockito-core-4.5.1.jar:/home/manav/.m2/repository/net/bytebuddy/byte-buddy-agent/1.12.11/byte-buddy-agent-1.12.11.jar:/home/manav/.m2/repository/org/objenesis/objenesis/3.2/objenesis-3.2.jar:/home/manav/.m2/repository/org/mockito/mockito-junit-jupiter/4.5.1/mockito-junit-jupiter-4.5.1.jar:/home/manav/.m2/repository/org/skyscreamer/jsonassert/1.5.0/jsonassert-1.5.0.jar:/home/manav/.m2/repository/com/vaadin/external/google/android-json/0.0.20131108.vaadin1/android-json-0.0.20131108.vaadin1.jar:/home/manav/.m2/repository/org/springframework/spring-core/5.3.21/spring-core-5.3.21.jar:/home/manav/.m2/repository/org/springframework/spring-jcl/5.3.21/spring-jcl-5.3.21.jar:/home/manav/.m2/repository/org/springframework/spring-test/5.3.21/spring-test-5.3.21.jar:/home/manav/.m2/repository/org/xmlunit/xmlunit-core/2.9.0/xmlunit-core-2.9.0.jar:/home/manav/.m2/repository/org/telegram/telegrambots/6.1.0/telegrambots-6.1.0.jar:/home/manav/.m2/repository/org/telegram/telegrambots-meta/6.1.0/telegrambots-meta-6.1.0.jar:/home/manav/.m2/repository/com/google/guava/guava/31.1-jre/guava-31.1-jre.jar:/home/manav/.m2/repository/com/google/guava/failureaccess/1.0.1/failureaccess-1.0.1.jar:/home/manav/.m2/repository/com/google/guava/listenablefuture/9999.0-empty-to-avoid-conflict-with-guava/listenablefuture-9999.0-empty-to-avoid-conflict-with-guava.jar:/home/manav/.m2/repository/com/google/code/findbugs/jsr305/3.0.2/jsr305-3.0.2.jar:/home/manav/.m2/repository/org/checkerframework/checker-qual/3.12.0/checker-qual-3.12.0.jar:/home/manav/.m2/repository/com/google/errorprone/error_prone_annotations/2.11.0/error_prone_annotations-2.11.0.jar:/home/manav/.m2/repository/com/google/j2objc/j2objc-annotations/1.3/j2objc-annotations-1.3.jar:/home/manav/.m2/repository/com/fasterxml/jackson/core/jackson-annotations/2.13.3/jackson-annotations-2.13.3.jar:/home/manav/.m2/repository/com/fasterxml/jackson/jaxrs/jackson-jaxrs-json-provider/2.13.3/jackson-jaxrs-json-provider-2.13.3.jar:/home/manav/.m2/repository/com/fasterxml/jackson/jaxrs/jackson-jaxrs-base/2.13.3/jackson-jaxrs-base-2.13.3.jar:/home/manav/.m2/repository/com/fasterxml/jackson/module/jackson-module-jaxb-annotations/2.13.3/jackson-module-jaxb-annotations-2.13.3.jar:/home/manav/.m2/repository/com/fasterxml/jackson/core/jackson-core/2.13.3/jackson-core-2.13.3.jar:/home/manav/.m2/repository/com/fasterxml/jackson/core/jackson-databind/2.13.3/jackson-databind-2.13.3.jar:/home/manav/.m2/repository/org/glassfish/jersey/inject/jersey-hk2/2.35/jersey-hk2-2.35.jar:/home/manav/.m2/repository/org/glassfish/jersey/core/jersey-common/2.35/jersey-common-2.35.jar:/home/manav/.m2/repository/org/glassfish/hk2/osgi-resource-locator/1.0.3/osgi-resource-locator-1.0.3.jar:/home/manav/.m2/repository/org/glassfish/hk2/hk2-locator/2.6.1/hk2-locator-2.6.1.jar:/home/manav/.m2/repository/org/glassfish/hk2/external/aopalliance-repackaged/2.6.1/aopalliance-repackaged-2.6.1.jar:/home/manav/.m2/repository/org/glassfish/hk2/hk2-api/2.6.1/hk2-api-2.6.1.jar:/home/manav/.m2/repository/org/glassfish/hk2/hk2-utils/2.6.1/hk2-utils-2.6.1.jar:/home/manav/.m2/repository/org/javassist/javassist/3.25.0-GA/javassist-3.25.0-GA.jar:/home/manav/.m2/repository/org/glassfish/jersey/media/jersey-media-json-jackson/2.35/jersey-media-json-jackson-2.35.jar:/home/manav/.m2/repository/org/glassfish/jersey/ext/jersey-entity-filtering/2.35/jersey-entity-filtering-2.35.jar:/home/manav/.m2/repository/org/glassfish/jersey/containers/jersey-container-grizzly2-http/2.35/jersey-container-grizzly2-http-2.35.jar:/home/manav/.m2/repository/org/glassfish/hk2/external/jakarta.inject/2.6.1/jakarta.inject-2.6.1.jar:/home/manav/.m2/repository/org/glassfish/grizzly/grizzly-http-server/2.4.4/grizzly-http-server-2.4.4.jar:/home/manav/.m2/repository/org/glassfish/grizzly/grizzly-http/2.4.4/grizzly-http-2.4.4.jar:/home/manav/.m2/repository/org/glassfish/grizzly/grizzly-framework/2.4.4/grizzly-framework-2.4.4.jar:/home/manav/.m2/repository/jakarta/ws/rs/jakarta.ws.rs-api/2.1.6/jakarta.ws.rs-api-2.1.6.jar:/home/manav/.m2/repository/org/glassfish/jersey/core/jersey-server/2.35/jersey-server-2.35.jar:/home/manav/.m2/repository/org/glassfish/jersey/core/jersey-client/2.35/jersey-client-2.35.jar:/home/manav/.m2/repository/jakarta/validation/jakarta.validation-api/2.0.2/jakarta.validation-api-2.0.2.jar:/home/manav/.m2/repository/org/json/json/20220320/json-20220320.jar:/home/manav/.m2/repository/org/apache/httpcomponents/httpclient/4.5.13/httpclient-4.5.13.jar:/home/manav/.m2/repository/org/apache/httpcomponents/httpcore/4.4.15/httpcore-4.4.15.jar:/home/manav/.m2/repository/commons-codec/commons-codec/1.15/commons-codec-1.15.jar:/home/manav/.m2/repository/org/apache/httpcomponents/httpmime/4.5.13/httpmime-4.5.13.jar:/home/manav/.m2/repository/commons-io/commons-io/2.11.0/commons-io-2.11.0.jar:/home/manav/.m2/repository/org/slf4j/slf4j-api/1.7.36/slf4j-api-1.7.36.jar:/home/manav/.m2/repository/com/github/xabgesagtx/telegram-spring-boot-starter/0.26/telegram-spring-boot-starter-0.26.jar:/home/manav/.m2/repository/org/springframework/boot/spring-boot-configuration-processor/2.7.1/spring-boot-configuration-processor-2.7.1.jar:"/>
    <property name="sun.cpu.endian" value="little"/>
    <property name="user.home" value="/home/manav"/>
    <property name="user.language" value="en"/>
    <property name="java.specification.vendor" value="Oracle Corporation"/>
    <property name="java.version.date" value="2022-07-19"/>
    <property name="java.home" value="/usr/lib/jvm/java-18-openjdk-amd64"/>
    <property name="file.separator" value="/"/>
    <property name="basedir" value="/home/manav/Documents/Work/TelegramBot_SpringBoot/bot-service"/>
    <property name="java.vm.compressedOopsMode" value="32-bit"/>
    <property name="line.separator" value="&#10;"/>
    <property name="java.vm.specification.vendor" value="Oracle Corporation"/>
    <property name="java.specification.name" value="Java Platform API Specification"/>
    <property name="surefire.real.class.path" value="/home/manav/Documents/Work/TelegramBot_SpringBoot/bot-service/target/surefire/surefirebooter17144005163454988773.jar"/>
    <property name="sun.management.compiler" value="HotSpot 64-Bit Tiered Compilers"/>
    <property name="java.runtime.version" value="18.0.2-ea+9-Ubuntu-222.04"/>
    <property name="user.name" value="manav"/>
    <property name="path.separator" value=":"/>
    <property name="os.version" value="5.15.0-43-generic"/>
    <property name="java.runtime.name" value="OpenJDK Runtime Environment"/>
    <property name="file.encoding" value="UTF-8"/>
    <property name="java.vm.name" value="OpenJDK 64-Bit Server VM"/>
    <property name="localRepository" value="/home/manav/.m2/repository"/>
    <property name="java.vendor.url.bug" value="Unknown"/>
    <property name="java.io.tmpdir" value="/tmp"/>
    <property name="java.version" value="18.0.2-ea"/>
    <property name="user.dir" value="/home/manav/Documents/Work/TelegramBot_SpringBoot/bot-service"/>
    <property name="os.arch" value="amd64"/>
    <property name="java.vm.specification.name" value="Java Virtual Machine Specification"/>
    <property name="native.encoding" value="UTF-8"/>
    <property name="java.library.path" value="/usr/java/packages/lib:/usr/lib/x86_64-linux-gnu/jni:/lib/x86_64-linux-gnu:/usr/lib/x86_64-linux-gnu:/usr/lib/jni:/lib:/usr/lib"/>
    <property name="java.vm.info" value="mixed mode, sharing"/>
    <property name="java.vendor" value="Private Build"/>
    <property name="java.vm.version" value="18.0.2-ea+9-Ubuntu-222.04"/>
    <property name="sun.io.unicode.encoding" value="UnicodeLittle"/>
    <property name="java.class.version" value="62.0"/>
  </properties>
  <testcase name="contextLoads" classname="com.thapar.CropSaviour.CropSaviourApplicationTests" time="0.458"/>
</testsuite>